<?xml version="1.0" encoding="UTF-8"?>
<testsuite name="kr.ac.jejunu.UserDaoTests" tests="4" skipped="0" failures="0" errors="0" timestamp="2021-04-16T08:41:44" hostname="gangmin-aui-MacBookPro.local" time="0.476">
  <properties/>
  <testcase name="delete()" classname="kr.ac.jejunu.UserDaoTests" time="0.365"/>
  <testcase name="insert()" classname="kr.ac.jejunu.UserDaoTests" time="0.039"/>
  <testcase name="update()" classname="kr.ac.jejunu.UserDaoTests" time="0.049"/>
  <testcase name="get()" classname="kr.ac.jejunu.UserDaoTests" time="0.021"/>
  <system-out><![CDATA[]]></system-out>
  <system-err><![CDATA[]]></system-err>
</testsuite>
