<?xml version="1.0" encoding="UTF-8"?>
<testsuite name="kr.ac.jejunu.UserDaoTests" tests="4" skipped="0" failures="0" errors="0" timestamp="2021-04-02T09:08:26" hostname="gangmin-aui-MacBookPro.local" time="0.417">
  <properties/>
  <testcase name="delete()" classname="kr.ac.jejunu.UserDaoTests" time="0.311"/>
  <testcase name="insert()" classname="kr.ac.jejunu.UserDaoTests" time="0.037"/>
  <testcase name="update()" classname="kr.ac.jejunu.UserDaoTests" time="0.05"/>
  <testcase name="get()" classname="kr.ac.jejunu.UserDaoTests" time="0.019"/>
  <system-out><![CDATA[]]></system-out>
  <system-err><![CDATA[]]></system-err>
</testsuite>
