<?xml version="1.0" encoding="UTF-8"?>
<testsuite name="kr.ac.jejunu.UserDaoTests" tests="2" skipped="0" failures="0" errors="0" timestamp="2021-03-26T09:14:15" hostname="gangmin-aui-MacBookPro.local" time="0.345">
  <properties/>
  <testcase name="insert()" classname="kr.ac.jejunu.UserDaoTests" time="0.317"/>
  <testcase name="get()" classname="kr.ac.jejunu.UserDaoTests" time="0.027"/>
  <system-out><![CDATA[]]></system-out>
  <system-err><![CDATA[]]></system-err>
</testsuite>
