<?xml version="1.0" encoding="UTF-8"?>
<testsuite name="kr.ac.jejunu.UserDaoTests" tests="4" skipped="0" failures="0" errors="0" timestamp="2021-04-09T09:46:44" hostname="gangmincBookPro" time="0.472">
  <properties/>
  <testcase name="delete()" classname="kr.ac.jejunu.UserDaoTests" time="0.358"/>
  <testcase name="insert()" classname="kr.ac.jejunu.UserDaoTests" time="0.035"/>
  <testcase name="update()" classname="kr.ac.jejunu.UserDaoTests" time="0.055"/>
  <testcase name="get()" classname="kr.ac.jejunu.UserDaoTests" time="0.022"/>
  <system-out><![CDATA[]]></system-out>
  <system-err><![CDATA[]]></system-err>
</testsuite>
