<?xml version="1.0" encoding="UTF-8"?>
<testsuite name="kr.ac.jejunu.UserDaoTests" tests="1" skipped="0" failures="0" errors="0" timestamp="2021-03-26T05:23:55" hostname="gangmin-aui-MacBookPro.local" time="0.436">
  <properties/>
  <testcase name="get()" classname="kr.ac.jejunu.UserDaoTests" time="0.436"/>
  <system-out><![CDATA[]]></system-out>
  <system-err><![CDATA[]]></system-err>
</testsuite>
